running on n155.dcb.private.net
workdir /net/mahler/home/mscbio/anm329/deltadeltaG
PATH /net/antonin/usr/local/cuda-10.1/bin:/net/pulsar/home/koes/dkoes/local/bin/:/net/mahler/home/mscbio/anm329/bin:/opt/slurm/slurm-19.05.1-2/bin:/opt/slurm/slurm-19.05.1-2/sbin:/usr/local/sbin:/usr/local/bin:/usr/sbin:/usr/bin:/sbin:/bin:/usr/games:/usr/local/games:/snap/bin
ld_library_path /net/antonin/usr/local/cuda-10.1/lib64:/usr/lib/x86_64-linux-gnu/:/net/pulsar/home/koes/dkoes/local/cuda-10.1/lib64:/net/pulsar/home/koes/dkoes/local/lib:
cache cache_job.slurm CV_Sets DDG_class.py DDG_reg.py gnina_comparison.slurm gt_job.slurm make_gnina_file.py mkgninaf.slurm model_1.h5 model_2.h5 model_3.h5 model.h5 model_reg.h5 run_gnina.txt separated_sets slurm-54771.out slurm-72882.out slurm-72891.out slurm-72893.out slurm-72895.out slurm-73508.out slurm-73509.out slurm-73510_1.out slurm-73510_2.out slurm-73510_3.out slurm-73510_4.out slurm-73531.out slurm-73532.out slurm-73533.out slurm-75012.out slurm-75013_1.out train_class.slurm train_model2.pbs train_model3.pbs train_reg.slurm wandb
7
gnina -r separated_sets/11GS/11GS_R.mol2 -l separated_sets/11GS/11GS00.mol2 --score_only --gpu --cnn_scoring --cnn default2017
==============================
*** Open Babel Warning  in Translate
  Cannot perform atom type translation: table cannot find requested types.
==============================
*** Open Babel Warning  in ReadMolecule
  This Mol2 file is non-standard. Problem with molecule: 11GS_opt Cannot interpret atom types correctly, instead attempting to interpret atom type: S as elements instead.
==============================
*** Open Babel Warning  in Translate
  Cannot perform atom type translation: table cannot find requested types.
==============================
*** Open Babel Warning  in Translate
  Cannot perform atom type translation: table cannot find requested types.
==============================
*** Open Babel Warning  in ReadMolecule
  This Mol2 file is non-standard. Problem with molecule: 11GS_opt Cannot interpret atom types correctly, instead attempting to interpret atom type: S as elements instead.
==============================
*** Open Babel Warning  in Translate
  Cannot perform atom type translation: table cannot find requested types.
==============================
*** Open Babel Warning  in Translate
  Cannot perform atom type translation: table cannot find requested types.
==============================
*** Open Babel Warning  in ReadMolecule
  This Mol2 file is non-standard. Problem with molecule: 11GS_opt Cannot interpret atom types correctly, instead attempting to interpret atom type: S as elements instead.
==============================
*** Open Babel Warning  in Translate
  Cannot perform atom type translation: table cannot find requested types.
==============================
*** Open Babel Warning  in Translate
  Cannot perform atom type translation: table cannot find requested types.
==============================
*** Open Babel Warning  in ReadMolecule
  This Mol2 file is non-standard. Problem with molecule: 11GS_opt Cannot interpret atom types correctly, instead attempting to interpret atom type: S as elements instead.
==============================
*** Open Babel Warning  in Translate
  Cannot perform atom type translation: table cannot find requested types.
==============================
*** Open Babel Warning  in Translate
  Cannot perform atom type translation: table cannot find requested types.
==============================
*** Open Babel Warning  in ReadMolecule
  This Mol2 file is non-standard. Problem with molecule: 11GS_opt Cannot interpret atom types correctly, instead attempting to interpret atom type: S as elements instead.
==============================
*** Open Babel Warning  in Translate
  Cannot perform atom type translation: table cannot find requested types.
==============================
*** Open Babel Warning  in Translate
  Cannot perform atom type translation: table cannot find requested types.
==============================
*** Open Babel Warning  in ReadMolecule
  This Mol2 file is non-standard. Problem with molecule: 11GS_opt Cannot interpret atom types correctly, instead attempting to interpret atom type: S as elements instead.
==============================
*** Open Babel Warning  in Translate
  Cannot perform atom type translation: table cannot find requested types.
==============================
*** Open Babel Warning  in Translate
  Cannot perform atom type translation: table cannot find requested types.
==============================
*** Open Babel Warning  in ReadMolecule
  This Mol2 file is non-standard. Problem with molecule: 11GS_opt Cannot interpret atom types correctly, instead attempting to interpret atom type: S as elements instead.
==============================
*** Open Babel Warning  in Translate
  Cannot perform atom type translation: table cannot find requested types.
==============================
*** Open Babel Warning  in Translate
  Cannot perform atom type translation: table cannot find requested types.
==============================
*** Open Babel Warning  in ReadMolecule
  This Mol2 file is non-standard. Problem with molecule: 11GS_opt Cannot interpret atom types correctly, instead attempting to interpret atom type: S as elements instead.
==============================
*** Open Babel Warning  in Translate
  Cannot perform atom type translation: table cannot find requested types.
==============================
*** Open Babel Warning  in Translate
  Cannot perform atom type translation: table cannot find requested types.
==============================
*** Open Babel Warning  in ReadMolecule
  This Mol2 file is non-standard. Problem with molecule: 11GS_opt Cannot interpret atom types correctly, instead attempting to interpret atom type: S as elements instead.
==============================
*** Open Babel Warning  in Translate
  Cannot perform atom type translation: table cannot find requested types.
==============================
*** Open Babel Warning  in Translate
  Cannot perform atom type translation: table cannot find requested types.
==============================
*** Open Babel Warning  in ReadMolecule
  This Mol2 file is non-standard. Problem with molecule: 11GS_opt Cannot interpret atom types correctly, instead attempting to interpret atom type: S as elements instead.
==============================
*** Open Babel Warning  in Translate
  Cannot perform atom type translation: table cannot find requested types.
==============================
*** Open Babel Warning  in Translate
  Cannot perform atom type translation: table cannot find requested types.
==============================
*** Open Babel Warning  in ReadMolecule
  This Mol2 file is non-standard. Problem with molecule: 11GS_opt Cannot interpret atom types correctly, instead attempting to interpret atom type: S as elements instead.
==============================
*** Open Babel Warning  in Translate
  Cannot perform atom type translation: table cannot find requested types.
==============================
*** Open Babel Warning  in Translate
  Cannot perform atom type translation: table cannot find requested types.
==============================
*** Open Babel Warning  in ReadMolecule
  This Mol2 file is non-standard. Problem with molecule: 11GS_opt Cannot interpret atom types correctly, instead attempting to interpret atom type: S as elements instead.
==============================
*** Open Babel Warning  in Translate
  Cannot perform atom type translation: table cannot find requested types.
              _             
             (_)            
   __ _ _ __  _ _ __   __ _ 
  / _` | '_ \| | '_ \ / _` |
 | (_| | | | | | | | | (_| |
  \__, |_| |_|_|_| |_|\__,_|
   __/ |                    
  |___/                     

gnina is based on smina and AutoDock Vina.
Please cite appropriately.

*** IMPORTANT: Use of CNN scoring while docking is not recommended. ***
***     CNN scoring is best used with --minimize or --score_only    ***

Weights      Terms
-0.035579    gauss(o=0,_w=0.5,_c=8)
-0.005156    gauss(o=3,_w=2,_c=8)
0.840245     repulsion(o=0,_c=8)
-0.035069    hydrophobic(g=0.5,_b=1.5,_c=8)
-0.587439    non_dir_h_bond(g=-0.7,_b=0,_c=8)
1.923        num_tors_div

## Name gauss(o=0,_w=0.5,_c=8) gauss(o=3,_w=2,_c=8) repulsion(o=0,_c=8) hydrophobic(g=0.5,_b=1.5,_c=8) non_dir_h_bond(g=-0.7,_b=0,_c=8) num_tors_div
Affinity: -2.64805 (kcal/mol)
CNNscore: 0.0546227843
CNNaffinity: 5.5815682411
Intramolecular energy: -0.76428
Term values, before weighting:
## BindingDB_50186226 64.76714 1031.51379 6.16730 33.45755 1.78070 0.00000
Refine time 0.02287
Loop time 0.30153
gnina -r separated_sets/11GS/11GS_R.mol2 -l separated_sets/11GS/11GS01.mol2 --score_only --gpu --cnn_scoring --cnn default2017
==============================
*** Open Babel Warning  in Translate
  Cannot perform atom type translation: table cannot find requested types.
==============================
*** Open Babel Warning  in ReadMolecule
  This Mol2 file is non-standard. Problem with molecule: 11GS_opt Cannot interpret atom types correctly, instead attempting to interpret atom type: S as elements instead.
==============================
*** Open Babel Warning  in Translate
  Cannot perform atom type translation: table cannot find requested types.
==============================
*** Open Babel Warning  in Translate
  Cannot perform atom type translation: table cannot find requested types.
==============================
*** Open Babel Warning  in ReadMolecule
  This Mol2 file is non-standard. Problem with molecule: 11GS_opt Cannot interpret atom types correctly, instead attempting to interpret atom type: S as elements instead.
==============================
*** Open Babel Warning  in Translate
  Cannot perform atom type translation: table cannot find requested types.
==============================
*** Open Babel Warning  in Translate
  Cannot perform atom type translation: table cannot find requested types.
==============================
*** Open Babel Warning  in ReadMolecule
  This Mol2 file is non-standard. Problem with molecule: 11GS_opt Cannot interpret atom types correctly, instead attempting to interpret atom type: S as elements instead.
==============================
*** Open Babel Warning  in Translate
  Cannot perform atom type translation: table cannot find requested types.
==============================
*** Open Babel Warning  in Translate
  Cannot perform atom type translation: table cannot find requested types.
==============================
*** Open Babel Warning  in ReadMolecule
  This Mol2 file is non-standard. Problem with molecule: 11GS_opt Cannot interpret atom types correctly, instead attempting to interpret atom type: S as elements instead.
==============================
*** Open Babel Warning  in Translate
  Cannot perform atom type translation: table cannot find requested types.
==============================
*** Open Babel Warning  in Translate
  Cannot perform atom type translation: table cannot find requested types.
==============================
*** Open Babel Warning  in ReadMolecule
  This Mol2 file is non-standard. Problem with molecule: 11GS_opt Cannot interpret atom types correctly, instead attempting to interpret atom type: S as elements instead.
==============================
*** Open Babel Warning  in Translate
  Cannot perform atom type translation: table cannot find requested types.
==============================
*** Open Babel Warning  in Translate
  Cannot perform atom type translation: table cannot find requested types.
==============================
*** Open Babel Warning  in ReadMolecule
  This Mol2 file is non-standard. Problem with molecule: 11GS_opt Cannot interpret atom types correctly, instead attempting to interpret atom type: S as elements instead.
==============================
*** Open Babel Warning  in Translate
  Cannot perform atom type translation: table cannot find requested types.
==============================
*** Open Babel Warning  in Translate
  Cannot perform atom type translation: table cannot find requested types.
==============================
*** Open Babel Warning  in ReadMolecule
  This Mol2 file is non-standard. Problem with molecule: 11GS_opt Cannot interpret atom types correctly, instead attempting to interpret atom type: S as elements instead.
==============================
*** Open Babel Warning  in Translate
  Cannot perform atom type translation: table cannot find requested types.
==============================
*** Open Babel Warning  in Translate
  Cannot perform atom type translation: table cannot find requested types.
==============================
*** Open Babel Warning  in ReadMolecule
  This Mol2 file is non-standard. Problem with molecule: 11GS_opt Cannot interpret atom types correctly, instead attempting to interpret atom type: S as elements instead.
==============================
*** Open Babel Warning  in Translate
  Cannot perform atom type translation: table cannot find requested types.
==============================
*** Open Babel Warning  in Translate
  Cannot perform atom type translation: table cannot find requested types.
==============================
*** Open Babel Warning  in ReadMolecule
  This Mol2 file is non-standard. Problem with molecule: 11GS_opt Cannot interpret atom types correctly, instead attempting to interpret atom type: S as elements instead.
==============================
*** Open Babel Warning  in Translate
  Cannot perform atom type translation: table cannot find requested types.
==============================
*** Open Babel Warning  in Translate
  Cannot perform atom type translation: table cannot find requested types.
==============================
*** Open Babel Warning  in ReadMolecule
  This Mol2 file is non-standard. Problem with molecule: 11GS_opt Cannot interpret atom types correctly, instead attempting to interpret atom type: S as elements instead.
==============================
*** Open Babel Warning  in Translate
  Cannot perform atom type translation: table cannot find requested types.
==============================
*** Open Babel Warning  in Translate
  Cannot perform atom type translation: table cannot find requested types.
==============================
*** Open Babel Warning  in ReadMolecule
  This Mol2 file is non-standard. Problem with molecule: 11GS_opt Cannot interpret atom types correctly, instead attempting to interpret atom type: S as elements instead.
==============================
*** Open Babel Warning  in Translate
  Cannot perform atom type translation: table cannot find requested types.
==============================
*** Open Babel Warning  in Translate
  Cannot perform atom type translation: table cannot find requested types.
==============================
*** Open Babel Warning  in ReadMolecule
  This Mol2 file is non-standard. Problem with molecule: 11GS_opt Cannot interpret atom types correctly, instead attempting to interpret atom type: S as elements instead.
==============================
*** Open Babel Warning  in Translate
  Cannot perform atom type translation: table cannot find requested types.
              _             
             (_)            
   __ _ _ __  _ _ __   __ _ 
  / _` | '_ \| | '_ \ / _` |
 | (_| | | | | | | | | (_| |
  \__, |_| |_|_|_| |_|\__,_|
   __/ |                    
  |___/                     

gnina is based on smina and AutoDock Vina.
Please cite appropriately.

*** IMPORTANT: Use of CNN scoring while docking is not recommended. ***
***     CNN scoring is best used with --minimize or --score_only    ***

Weights      Terms
-0.035579    gauss(o=0,_w=0.5,_c=8)
-0.005156    gauss(o=3,_w=2,_c=8)
0.840245     repulsion(o=0,_c=8)
-0.035069    hydrophobic(g=0.5,_b=1.5,_c=8)
-0.587439    non_dir_h_bond(g=-0.7,_b=0,_c=8)
1.923        num_tors_div

## Name gauss(o=0,_w=0.5,_c=8) gauss(o=3,_w=2,_c=8) repulsion(o=0,_c=8) hydrophobic(g=0.5,_b=1.5,_c=8) non_dir_h_bond(g=-0.7,_b=0,_c=8) num_tors_div
Affinity: -3.11122 (kcal/mol)
CNNscore: 0.0149984658
CNNaffinity: 5.4382996559
Intramolecular energy: -1.75585
Term values, before weighting:
## BindingDB_50186228 72.10547 995.76575 4.99979 39.32297 2.25630 0.00000
Refine time 0.01808
Loop time 0.27861
gnina -r separated_sets/11GS/11GS_R.mol2 -l separated_sets/11GS/11GS02.mol2 --score_only --gpu --cnn_scoring --cnn default2017
==============================
*** Open Babel Warning  in Translate
  Cannot perform atom type translation: table cannot find requested types.
==============================
*** Open Babel Warning  in ReadMolecule
  This Mol2 file is non-standard. Problem with molecule: 11GS_opt Cannot interpret atom types correctly, instead attempting to interpret atom type: S as elements instead.
==============================
*** Open Babel Warning  in Translate
  Cannot perform atom type translation: table cannot find requested types.
==============================
*** Open Babel Warning  in Translate
  Cannot perform atom type translation: table cannot find requested types.
==============================
*** Open Babel Warning  in ReadMolecule
  This Mol2 file is non-standard. Problem with molecule: 11GS_opt Cannot interpret atom types correctly, instead attempting to interpret atom type: S as elements instead.
==============================
*** Open Babel Warning  in Translate
  Cannot perform atom type translation: table cannot find requested types.
==============================
*** Open Babel Warning  in Translate
  Cannot perform atom type translation: table cannot find requested types.
==============================
*** Open Babel Warning  in ReadMolecule
  This Mol2 file is non-standard. Problem with molecule: 11GS_opt Cannot interpret atom types correctly, instead attempting to interpret atom type: S as elements instead.
==============================
*** Open Babel Warning  in Translate
  Cannot perform atom type translation: table cannot find requested types.
==============================
*** Open Babel Warning  in Translate
  Cannot perform atom type translation: table cannot find requested types.
==============================
*** Open Babel Warning  in ReadMolecule
  This Mol2 file is non-standard. Problem with molecule: 11GS_opt Cannot interpret atom types correctly, instead attempting to interpret atom type: S as elements instead.
==============================
*** Open Babel Warning  in Translate
  Cannot perform atom type translation: table cannot find requested types.
==============================
*** Open Babel Warning  in Translate
  Cannot perform atom type translation: table cannot find requested types.
==============================
*** Open Babel Warning  in ReadMolecule
  This Mol2 file is non-standard. Problem with molecule: 11GS_opt Cannot interpret atom types correctly, instead attempting to interpret atom type: S as elements instead.
==============================
*** Open Babel Warning  in Translate
  Cannot perform atom type translation: table cannot find requested types.
==============================
*** Open Babel Warning  in Translate
  Cannot perform atom type translation: table cannot find requested types.
==============================
*** Open Babel Warning  in ReadMolecule
  This Mol2 file is non-standard. Problem with molecule: 11GS_opt Cannot interpret atom types correctly, instead attempting to interpret atom type: S as elements instead.
==============================
*** Open Babel Warning  in Translate
  Cannot perform atom type translation: table cannot find requested types.
==============================
*** Open Babel Warning  in Translate
  Cannot perform atom type translation: table cannot find requested types.
==============================
*** Open Babel Warning  in ReadMolecule
  This Mol2 file is non-standard. Problem with molecule: 11GS_opt Cannot interpret atom types correctly, instead attempting to interpret atom type: S as elements instead.
==============================
*** Open Babel Warning  in Translate
  Cannot perform atom type translation: table cannot find requested types.
==============================
*** Open Babel Warning  in Translate
  Cannot perform atom type translation: table cannot find requested types.
==============================
*** Open Babel Warning  in ReadMolecule
  This Mol2 file is non-standard. Problem with molecule: 11GS_opt Cannot interpret atom types correctly, instead attempting to interpret atom type: S as elements instead.
==============================
*** Open Babel Warning  in Translate
  Cannot perform atom type translation: table cannot find requested types.
==============================
*** Open Babel Warning  in Translate
  Cannot perform atom type translation: table cannot find requested types.
==============================
*** Open Babel Warning  in ReadMolecule
  This Mol2 file is non-standard. Problem with molecule: 11GS_opt Cannot interpret atom types correctly, instead attempting to interpret atom type: S as elements instead.
==============================
*** Open Babel Warning  in Translate
  Cannot perform atom type translation: table cannot find requested types.
==============================
*** Open Babel Warning  in Translate
  Cannot perform atom type translation: table cannot find requested types.
==============================
*** Open Babel Warning  in ReadMolecule
  This Mol2 file is non-standard. Problem with molecule: 11GS_opt Cannot interpret atom types correctly, instead attempting to interpret atom type: S as elements instead.
==============================
*** Open Babel Warning  in Translate
  Cannot perform atom type translation: table cannot find requested types.
==============================
*** Open Babel Warning  in Translate
  Cannot perform atom type translation: table cannot find requested types.
==============================
*** Open Babel Warning  in ReadMolecule
  This Mol2 file is non-standard. Problem with molecule: 11GS_opt Cannot interpret atom types correctly, instead attempting to interpret atom type: S as elements instead.
==============================
*** Open Babel Warning  in Translate
  Cannot perform atom type translation: table cannot find requested types.
==============================
*** Open Babel Warning  in Translate
  Cannot perform atom type translation: table cannot find requested types.
==============================
*** Open Babel Warning  in ReadMolecule
  This Mol2 file is non-standard. Problem with molecule: 11GS_opt Cannot interpret atom types correctly, instead attempting to interpret atom type: S as elements instead.
==============================
*** Open Babel Warning  in Translate
  Cannot perform atom type translation: table cannot find requested types.
              _             
             (_)            
   __ _ _ __  _ _ __   __ _ 
  / _` | '_ \| | '_ \ / _` |
 | (_| | | | | | | | | (_| |
  \__, |_| |_|_|_| |_|\__,_|
   __/ |                    
  |___/                     

gnina is based on smina and AutoDock Vina.
Please cite appropriately.

*** IMPORTANT: Use of CNN scoring while docking is not recommended. ***
***     CNN scoring is best used with --minimize or --score_only    ***

Weights      Terms
-0.035579    gauss(o=0,_w=0.5,_c=8)
-0.005156    gauss(o=3,_w=2,_c=8)
0.840245     repulsion(o=0,_c=8)
-0.035069    hydrophobic(g=0.5,_b=1.5,_c=8)
-0.587439    non_dir_h_bond(g=-0.7,_b=0,_c=8)
1.923        num_tors_div

## Name gauss(o=0,_w=0.5,_c=8) gauss(o=3,_w=2,_c=8) repulsion(o=0,_c=8) hydrophobic(g=0.5,_b=1.5,_c=8) non_dir_h_bond(g=-0.7,_b=0,_c=8) num_tors_div
Affinity: -2.77317 (kcal/mol)
CNNscore: 0.1983790398
CNNaffinity: 5.7281532288
Intramolecular energy: -3.75394
Term values, before weighting:
## BindingDB_50186229 92.80320 1620.74976 10.32469 46.94546 2.63006 0.00000
Refine time 0.01842
Loop time 0.27972
gnina -r separated_sets/11GS/11GS_R.mol2 -l separated_sets/11GS/11GS03.mol2 --score_only --gpu --cnn_scoring --cnn default2017
==============================
*** Open Babel Warning  in Translate
  Cannot perform atom type translation: table cannot find requested types.
==============================
*** Open Babel Warning  in ReadMolecule
  This Mol2 file is non-standard. Problem with molecule: 11GS_opt Cannot interpret atom types correctly, instead attempting to interpret atom type: S as elements instead.
==============================
*** Open Babel Warning  in Translate
  Cannot perform atom type translation: table cannot find requested types.
==============================
*** Open Babel Warning  in Translate
  Cannot perform atom type translation: table cannot find requested types.
==============================
*** Open Babel Warning  in ReadMolecule
  This Mol2 file is non-standard. Problem with molecule: 11GS_opt Cannot interpret atom types correctly, instead attempting to interpret atom type: S as elements instead.
==============================
*** Open Babel Warning  in Translate
  Cannot perform atom type translation: table cannot find requested types.
==============================
*** Open Babel Warning  in Translate
  Cannot perform atom type translation: table cannot find requested types.
==============================
*** Open Babel Warning  in ReadMolecule
  This Mol2 file is non-standard. Problem with molecule: 11GS_opt Cannot interpret atom types correctly, instead attempting to interpret atom type: S as elements instead.
==============================
*** Open Babel Warning  in Translate
  Cannot perform atom type translation: table cannot find requested types.
==============================
*** Open Babel Warning  in Translate
  Cannot perform atom type translation: table cannot find requested types.
==============================
*** Open Babel Warning  in ReadMolecule
  This Mol2 file is non-standard. Problem with molecule: 11GS_opt Cannot interpret atom types correctly, instead attempting to interpret atom type: S as elements instead.
==============================
*** Open Babel Warning  in Translate
  Cannot perform atom type translation: table cannot find requested types.
==============================
*** Open Babel Warning  in Translate
  Cannot perform atom type translation: table cannot find requested types.
==============================
*** Open Babel Warning  in ReadMolecule
  This Mol2 file is non-standard. Problem with molecule: 11GS_opt Cannot interpret atom types correctly, instead attempting to interpret atom type: S as elements instead.
==============================
*** Open Babel Warning  in Translate
  Cannot perform atom type translation: table cannot find requested types.
==============================
*** Open Babel Warning  in Translate
  Cannot perform atom type translation: table cannot find requested types.
==============================
*** Open Babel Warning  in ReadMolecule
  This Mol2 file is non-standard. Problem with molecule: 11GS_opt Cannot interpret atom types correctly, instead attempting to interpret atom type: S as elements instead.
==============================
*** Open Babel Warning  in Translate
  Cannot perform atom type translation: table cannot find requested types.
==============================
*** Open Babel Warning  in Translate
  Cannot perform atom type translation: table cannot find requested types.
==============================
*** Open Babel Warning  in ReadMolecule
  This Mol2 file is non-standard. Problem with molecule: 11GS_opt Cannot interpret atom types correctly, instead attempting to interpret atom type: S as elements instead.
==============================
*** Open Babel Warning  in Translate
  Cannot perform atom type translation: table cannot find requested types.
==============================
*** Open Babel Warning  in Translate
  Cannot perform atom type translation: table cannot find requested types.
==============================
*** Open Babel Warning  in ReadMolecule
  This Mol2 file is non-standard. Problem with molecule: 11GS_opt Cannot interpret atom types correctly, instead attempting to interpret atom type: S as elements instead.
==============================
*** Open Babel Warning  in Translate
  Cannot perform atom type translation: table cannot find requested types.
==============================
*** Open Babel Warning  in Translate
  Cannot perform atom type translation: table cannot find requested types.
==============================
*** Open Babel Warning  in ReadMolecule
  This Mol2 file is non-standard. Problem with molecule: 11GS_opt Cannot interpret atom types correctly, instead attempting to interpret atom type: S as elements instead.
==============================
*** Open Babel Warning  in Translate
  Cannot perform atom type translation: table cannot find requested types.
==============================
*** Open Babel Warning  in Translate
  Cannot perform atom type translation: table cannot find requested types.
==============================
*** Open Babel Warning  in ReadMolecule
  This Mol2 file is non-standard. Problem with molecule: 11GS_opt Cannot interpret atom types correctly, instead attempting to interpret atom type: S as elements instead.
==============================
*** Open Babel Warning  in Translate
  Cannot perform atom type translation: table cannot find requested types.
==============================
*** Open Babel Warning  in Translate
  Cannot perform atom type translation: table cannot find requested types.
==============================
*** Open Babel Warning  in ReadMolecule
  This Mol2 file is non-standard. Problem with molecule: 11GS_opt Cannot interpret atom types correctly, instead attempting to interpret atom type: S as elements instead.
==============================
*** Open Babel Warning  in Translate
  Cannot perform atom type translation: table cannot find requested types.
==============================
*** Open Babel Warning  in Translate
  Cannot perform atom type translation: table cannot find requested types.
==============================
*** Open Babel Warning  in ReadMolecule
  This Mol2 file is non-standard. Problem with molecule: 11GS_opt Cannot interpret atom types correctly, instead attempting to interpret atom type: S as elements instead.
==============================
*** Open Babel Warning  in Translate
  Cannot perform atom type translation: table cannot find requested types.
              _             
             (_)            
   __ _ _ __  _ _ __   __ _ 
  / _` | '_ \| | '_ \ / _` |
 | (_| | | | | | | | | (_| |
  \__, |_| |_|_|_| |_|\__,_|
   __/ |                    
  |___/                     

gnina is based on smina and AutoDock Vina.
Please cite appropriately.

*** IMPORTANT: Use of CNN scoring while docking is not recommended. ***
***     CNN scoring is best used with --minimize or --score_only    ***

Weights      Terms
-0.035579    gauss(o=0,_w=0.5,_c=8)
-0.005156    gauss(o=3,_w=2,_c=8)
0.840245     repulsion(o=0,_c=8)
-0.035069    hydrophobic(g=0.5,_b=1.5,_c=8)
-0.587439    non_dir_h_bond(g=-0.7,_b=0,_c=8)
1.923        num_tors_div

## Name gauss(o=0,_w=0.5,_c=8) gauss(o=3,_w=2,_c=8) repulsion(o=0,_c=8) hydrophobic(g=0.5,_b=1.5,_c=8) non_dir_h_bond(g=-0.7,_b=0,_c=8) num_tors_div
Affinity: -2.48922 (kcal/mol)
CNNscore: 0.0974317268
CNNaffinity: 3.9359879494
Intramolecular energy: -0.14762
Term values, before weighting:
## BindingDB_50186231 36.83737 674.72894 3.38094 26.27427 0.83688 0.00000
Refine time 0.01762
Loop time 0.27646
gnina -r separated_sets/11GS/11GS_R.mol2 -l separated_sets/11GS/11GS04.mol2 --score_only --gpu --cnn_scoring --cnn default2017
==============================
*** Open Babel Warning  in Translate
  Cannot perform atom type translation: table cannot find requested types.
==============================
*** Open Babel Warning  in ReadMolecule
  This Mol2 file is non-standard. Problem with molecule: 11GS_opt Cannot interpret atom types correctly, instead attempting to interpret atom type: S as elements instead.
==============================
*** Open Babel Warning  in Translate
  Cannot perform atom type translation: table cannot find requested types.
==============================
*** Open Babel Warning  in Translate
  Cannot perform atom type translation: table cannot find requested types.
==============================
*** Open Babel Warning  in ReadMolecule
  This Mol2 file is non-standard. Problem with molecule: 11GS_opt Cannot interpret atom types correctly, instead attempting to interpret atom type: S as elements instead.
==============================
*** Open Babel Warning  in Translate
  Cannot perform atom type translation: table cannot find requested types.
==============================
*** Open Babel Warning  in Translate
  Cannot perform atom type translation: table cannot find requested types.
==============================
*** Open Babel Warning  in ReadMolecule
  This Mol2 file is non-standard. Problem with molecule: 11GS_opt Cannot interpret atom types correctly, instead attempting to interpret atom type: S as elements instead.
==============================
*** Open Babel Warning  in Translate
  Cannot perform atom type translation: table cannot find requested types.
==============================
*** Open Babel Warning  in Translate
  Cannot perform atom type translation: table cannot find requested types.
==============================
*** Open Babel Warning  in ReadMolecule
  This Mol2 file is non-standard. Problem with molecule: 11GS_opt Cannot interpret atom types correctly, instead attempting to interpret atom type: S as elements instead.
==============================
*** Open Babel Warning  in Translate
  Cannot perform atom type translation: table cannot find requested types.
==============================
*** Open Babel Warning  in Translate
  Cannot perform atom type translation: table cannot find requested types.
==============================
*** Open Babel Warning  in ReadMolecule
  This Mol2 file is non-standard. Problem with molecule: 11GS_opt Cannot interpret atom types correctly, instead attempting to interpret atom type: S as elements instead.
==============================
*** Open Babel Warning  in Translate
  Cannot perform atom type translation: table cannot find requested types.
==============================
*** Open Babel Warning  in Translate
  Cannot perform atom type translation: table cannot find requested types.
==============================
*** Open Babel Warning  in ReadMolecule
  This Mol2 file is non-standard. Problem with molecule: 11GS_opt Cannot interpret atom types correctly, instead attempting to interpret atom type: S as elements instead.
==============================
*** Open Babel Warning  in Translate
  Cannot perform atom type translation: table cannot find requested types.
==============================
*** Open Babel Warning  in Translate
  Cannot perform atom type translation: table cannot find requested types.
==============================
*** Open Babel Warning  in ReadMolecule
  This Mol2 file is non-standard. Problem with molecule: 11GS_opt Cannot interpret atom types correctly, instead attempting to interpret atom type: S as elements instead.
==============================
*** Open Babel Warning  in Translate
  Cannot perform atom type translation: table cannot find requested types.
==============================
*** Open Babel Warning  in Translate
  Cannot perform atom type translation: table cannot find requested types.
==============================
*** Open Babel Warning  in ReadMolecule
  This Mol2 file is non-standard. Problem with molecule: 11GS_opt Cannot interpret atom types correctly, instead attempting to interpret atom type: S as elements instead.
==============================
*** Open Babel Warning  in Translate
  Cannot perform atom type translation: table cannot find requested types.
==============================
*** Open Babel Warning  in Translate
  Cannot perform atom type translation: table cannot find requested types.
==============================
*** Open Babel Warning  in ReadMolecule
  This Mol2 file is non-standard. Problem with molecule: 11GS_opt Cannot interpret atom types correctly, instead attempting to interpret atom type: S as elements instead.
==============================
*** Open Babel Warning  in Translate
  Cannot perform atom type translation: table cannot find requested types.
==============================
*** Open Babel Warning  in Translate
  Cannot perform atom type translation: table cannot find requested types.
==============================
*** Open Babel Warning  in ReadMolecule
  This Mol2 file is non-standard. Problem with molecule: 11GS_opt Cannot interpret atom types correctly, instead attempting to interpret atom type: S as elements instead.
==============================
*** Open Babel Warning  in Translate
  Cannot perform atom type translation: table cannot find requested types.
==============================
*** Open Babel Warning  in Translate
  Cannot perform atom type translation: table cannot find requested types.
==============================
*** Open Babel Warning  in ReadMolecule
  This Mol2 file is non-standard. Problem with molecule: 11GS_opt Cannot interpret atom types correctly, instead attempting to interpret atom type: S as elements instead.
==============================
*** Open Babel Warning  in Translate
  Cannot perform atom type translation: table cannot find requested types.
==============================
*** Open Babel Warning  in Translate
  Cannot perform atom type translation: table cannot find requested types.
==============================
*** Open Babel Warning  in ReadMolecule
  This Mol2 file is non-standard. Problem with molecule: 11GS_opt Cannot interpret atom types correctly, instead attempting to interpret atom type: S as elements instead.
==============================
*** Open Babel Warning  in Translate
  Cannot perform atom type translation: table cannot find requested types.
              _             
             (_)            
   __ _ _ __  _ _ __   __ _ 
  / _` | '_ \| | '_ \ / _` |
 | (_| | | | | | | | | (_| |
  \__, |_| |_|_|_| |_|\__,_|
   __/ |                    
  |___/                     

gnina is based on smina and AutoDock Vina.
Please cite appropriately.

*** IMPORTANT: Use of CNN scoring while docking is not recommended. ***
***     CNN scoring is best used with --minimize or --score_only    ***

Weights      Terms
-0.035579    gauss(o=0,_w=0.5,_c=8)
-0.005156    gauss(o=3,_w=2,_c=8)
0.840245     repulsion(o=0,_c=8)
-0.035069    hydrophobic(g=0.5,_b=1.5,_c=8)
-0.587439    non_dir_h_bond(g=-0.7,_b=0,_c=8)
1.923        num_tors_div

## Name gauss(o=0,_w=0.5,_c=8) gauss(o=3,_w=2,_c=8) repulsion(o=0,_c=8) hydrophobic(g=0.5,_b=1.5,_c=8) non_dir_h_bond(g=-0.7,_b=0,_c=8) num_tors_div
Affinity: -2.44411 (kcal/mol)
CNNscore: 0.0885047764
CNNaffinity: 4.5885787010
Intramolecular energy: -0.66321
Term values, before weighting:
## BindingDB_50300261 41.79293 750.86182 3.74097 30.96964 0.00000 0.00000
Refine time 0.01769
Loop time 0.27702
gnina -r separated_sets/11GS/11GS_R.mol2 -l separated_sets/11GS/11GS05.mol2 --score_only --gpu --cnn_scoring --cnn default2017
==============================
*** Open Babel Warning  in Translate
  Cannot perform atom type translation: table cannot find requested types.
==============================
*** Open Babel Warning  in ReadMolecule
  This Mol2 file is non-standard. Problem with molecule: 11GS_opt Cannot interpret atom types correctly, instead attempting to interpret atom type: S as elements instead.
==============================
*** Open Babel Warning  in Translate
  Cannot perform atom type translation: table cannot find requested types.
==============================
*** Open Babel Warning  in Translate
  Cannot perform atom type translation: table cannot find requested types.
==============================
*** Open Babel Warning  in ReadMolecule
  This Mol2 file is non-standard. Problem with molecule: 11GS_opt Cannot interpret atom types correctly, instead attempting to interpret atom type: S as elements instead.
==============================
*** Open Babel Warning  in Translate
  Cannot perform atom type translation: table cannot find requested types.
==============================
*** Open Babel Warning  in Translate
  Cannot perform atom type translation: table cannot find requested types.
==============================
*** Open Babel Warning  in ReadMolecule
  This Mol2 file is non-standard. Problem with molecule: 11GS_opt Cannot interpret atom types correctly, instead attempting to interpret atom type: S as elements instead.
==============================
*** Open Babel Warning  in Translate
  Cannot perform atom type translation: table cannot find requested types.
==============================
*** Open Babel Warning  in Translate
  Cannot perform atom type translation: table cannot find requested types.
==============================
*** Open Babel Warning  in ReadMolecule
  This Mol2 file is non-standard. Problem with molecule: 11GS_opt Cannot interpret atom types correctly, instead attempting to interpret atom type: S as elements instead.
==============================
*** Open Babel Warning  in Translate
  Cannot perform atom type translation: table cannot find requested types.
==============================
*** Open Babel Warning  in Translate
  Cannot perform atom type translation: table cannot find requested types.
==============================
*** Open Babel Warning  in ReadMolecule
  This Mol2 file is non-standard. Problem with molecule: 11GS_opt Cannot interpret atom types correctly, instead attempting to interpret atom type: S as elements instead.
==============================
*** Open Babel Warning  in Translate
  Cannot perform atom type translation: table cannot find requested types.
==============================
*** Open Babel Warning  in Translate
  Cannot perform atom type translation: table cannot find requested types.
==============================
*** Open Babel Warning  in ReadMolecule
  This Mol2 file is non-standard. Problem with molecule: 11GS_opt Cannot interpret atom types correctly, instead attempting to interpret atom type: S as elements instead.
==============================
*** Open Babel Warning  in Translate
  Cannot perform atom type translation: table cannot find requested types.
==============================
*** Open Babel Warning  in Translate
  Cannot perform atom type translation: table cannot find requested types.
==============================
*** Open Babel Warning  in ReadMolecule
  This Mol2 file is non-standard. Problem with molecule: 11GS_opt Cannot interpret atom types correctly, instead attempting to interpret atom type: S as elements instead.
==============================
*** Open Babel Warning  in Translate
  Cannot perform atom type translation: table cannot find requested types.
==============================
*** Open Babel Warning  in Translate
  Cannot perform atom type translation: table cannot find requested types.
==============================
*** Open Babel Warning  in ReadMolecule
  This Mol2 file is non-standard. Problem with molecule: 11GS_opt Cannot interpret atom types correctly, instead attempting to interpret atom type: S as elements instead.
==============================
*** Open Babel Warning  in Translate
  Cannot perform atom type translation: table cannot find requested types.
==============================
*** Open Babel Warning  in Translate
  Cannot perform atom type translation: table cannot find requested types.
==============================
*** Open Babel Warning  in ReadMolecule
  This Mol2 file is non-standard. Problem with molecule: 11GS_opt Cannot interpret atom types correctly, instead attempting to interpret atom type: S as elements instead.
==============================
*** Open Babel Warning  in Translate
  Cannot perform atom type translation: table cannot find requested types.
==============================
*** Open Babel Warning  in Translate
  Cannot perform atom type translation: table cannot find requested types.
==============================
*** Open Babel Warning  in ReadMolecule
  This Mol2 file is non-standard. Problem with molecule: 11GS_opt Cannot interpret atom types correctly, instead attempting to interpret atom type: S as elements instead.
==============================
*** Open Babel Warning  in Translate
  Cannot perform atom type translation: table cannot find requested types.
==============================
*** Open Babel Warning  in Translate
  Cannot perform atom type translation: table cannot find requested types.
==============================
*** Open Babel Warning  in ReadMolecule
  This Mol2 file is non-standard. Problem with molecule: 11GS_opt Cannot interpret atom types correctly, instead attempting to interpret atom type: S as elements instead.
==============================
*** Open Babel Warning  in Translate
  Cannot perform atom type translation: table cannot find requested types.
==============================
*** Open Babel Warning  in Translate
  Cannot perform atom type translation: table cannot find requested types.
==============================
*** Open Babel Warning  in ReadMolecule
  This Mol2 file is non-standard. Problem with molecule: 11GS_opt Cannot interpret atom types correctly, instead attempting to interpret atom type: S as elements instead.
==============================
*** Open Babel Warning  in Translate
  Cannot perform atom type translation: table cannot find requested types.
              _             
             (_)            
   __ _ _ __  _ _ __   __ _ 
  / _` | '_ \| | '_ \ / _` |
 | (_| | | | | | | | | (_| |
  \__, |_| |_|_|_| |_|\__,_|
   __/ |                    
  |___/                     

gnina is based on smina and AutoDock Vina.
Please cite appropriately.

*** IMPORTANT: Use of CNN scoring while docking is not recommended. ***
***     CNN scoring is best used with --minimize or --score_only    ***

Weights      Terms
-0.035579    gauss(o=0,_w=0.5,_c=8)
-0.005156    gauss(o=3,_w=2,_c=8)
0.840245     repulsion(o=0,_c=8)
-0.035069    hydrophobic(g=0.5,_b=1.5,_c=8)
-0.587439    non_dir_h_bond(g=-0.7,_b=0,_c=8)
1.923        num_tors_div

## Name gauss(o=0,_w=0.5,_c=8) gauss(o=3,_w=2,_c=8) repulsion(o=0,_c=8) hydrophobic(g=0.5,_b=1.5,_c=8) non_dir_h_bond(g=-0.7,_b=0,_c=8) num_tors_div
Affinity: -2.62697 (kcal/mol)
CNNscore: 0.1047521457
CNNaffinity: 4.9412021637
Intramolecular energy: -0.81403
Term values, before weighting:
## BindingDB_50300262 47.78001 907.29504 4.50483 31.61602 0.00000 0.00000
Refine time 0.01774
Loop time 0.27663
gnina -r separated_sets/11GS/11GS_R.mol2 -l separated_sets/11GS/11GS06.mol2 --score_only --gpu --cnn_scoring --cnn default2017
==============================
*** Open Babel Warning  in Translate
  Cannot perform atom type translation: table cannot find requested types.
==============================
*** Open Babel Warning  in ReadMolecule
  This Mol2 file is non-standard. Problem with molecule: 11GS_opt Cannot interpret atom types correctly, instead attempting to interpret atom type: S as elements instead.
==============================
*** Open Babel Warning  in Translate
  Cannot perform atom type translation: table cannot find requested types.
==============================
*** Open Babel Warning  in Translate
  Cannot perform atom type translation: table cannot find requested types.
==============================
*** Open Babel Warning  in ReadMolecule
  This Mol2 file is non-standard. Problem with molecule: 11GS_opt Cannot interpret atom types correctly, instead attempting to interpret atom type: S as elements instead.
==============================
*** Open Babel Warning  in Translate
  Cannot perform atom type translation: table cannot find requested types.
==============================
*** Open Babel Warning  in Translate
  Cannot perform atom type translation: table cannot find requested types.
==============================
*** Open Babel Warning  in ReadMolecule
  This Mol2 file is non-standard. Problem with molecule: 11GS_opt Cannot interpret atom types correctly, instead attempting to interpret atom type: S as elements instead.
==============================
*** Open Babel Warning  in Translate
  Cannot perform atom type translation: table cannot find requested types.
==============================
*** Open Babel Warning  in Translate
  Cannot perform atom type translation: table cannot find requested types.
==============================
*** Open Babel Warning  in ReadMolecule
  This Mol2 file is non-standard. Problem with molecule: 11GS_opt Cannot interpret atom types correctly, instead attempting to interpret atom type: S as elements instead.
==============================
*** Open Babel Warning  in Translate
  Cannot perform atom type translation: table cannot find requested types.
==============================
*** Open Babel Warning  in Translate
  Cannot perform atom type translation: table cannot find requested types.
==============================
*** Open Babel Warning  in ReadMolecule
  This Mol2 file is non-standard. Problem with molecule: 11GS_opt Cannot interpret atom types correctly, instead attempting to interpret atom type: S as elements instead.
==============================
*** Open Babel Warning  in Translate
  Cannot perform atom type translation: table cannot find requested types.
==============================
*** Open Babel Warning  in Translate
  Cannot perform atom type translation: table cannot find requested types.
==============================
*** Open Babel Warning  in ReadMolecule
  This Mol2 file is non-standard. Problem with molecule: 11GS_opt Cannot interpret atom types correctly, instead attempting to interpret atom type: S as elements instead.
==============================
*** Open Babel Warning  in Translate
  Cannot perform atom type translation: table cannot find requested types.
==============================
*** Open Babel Warning  in Translate
  Cannot perform atom type translation: table cannot find requested types.
==============================
*** Open Babel Warning  in ReadMolecule
  This Mol2 file is non-standard. Problem with molecule: 11GS_opt Cannot interpret atom types correctly, instead attempting to interpret atom type: S as elements instead.
==============================
*** Open Babel Warning  in Translate
  Cannot perform atom type translation: table cannot find requested types.
==============================
*** Open Babel Warning  in Translate
  Cannot perform atom type translation: table cannot find requested types.
==============================
*** Open Babel Warning  in ReadMolecule
  This Mol2 file is non-standard. Problem with molecule: 11GS_opt Cannot interpret atom types correctly, instead attempting to interpret atom type: S as elements instead.
==============================
*** Open Babel Warning  in Translate
  Cannot perform atom type translation: table cannot find requested types.
==============================
*** Open Babel Warning  in Translate
  Cannot perform atom type translation: table cannot find requested types.
==============================
*** Open Babel Warning  in ReadMolecule
  This Mol2 file is non-standard. Problem with molecule: 11GS_opt Cannot interpret atom types correctly, instead attempting to interpret atom type: S as elements instead.
==============================
*** Open Babel Warning  in Translate
  Cannot perform atom type translation: table cannot find requested types.
==============================
*** Open Babel Warning  in Translate
  Cannot perform atom type translation: table cannot find requested types.
==============================
*** Open Babel Warning  in ReadMolecule
  This Mol2 file is non-standard. Problem with molecule: 11GS_opt Cannot interpret atom types correctly, instead attempting to interpret atom type: S as elements instead.
==============================
*** Open Babel Warning  in Translate
  Cannot perform atom type translation: table cannot find requested types.
==============================
*** Open Babel Warning  in Translate
  Cannot perform atom type translation: table cannot find requested types.
==============================
*** Open Babel Warning  in ReadMolecule
  This Mol2 file is non-standard. Problem with molecule: 11GS_opt Cannot interpret atom types correctly, instead attempting to interpret atom type: S as elements instead.
==============================
*** Open Babel Warning  in Translate
  Cannot perform atom type translation: table cannot find requested types.
==============================
*** Open Babel Warning  in Translate
  Cannot perform atom type translation: table cannot find requested types.
==============================
*** Open Babel Warning  in ReadMolecule
  This Mol2 file is non-standard. Problem with molecule: 11GS_opt Cannot interpret atom types correctly, instead attempting to interpret atom type: S as elements instead.
==============================
*** Open Babel Warning  in Translate
  Cannot perform atom type translation: table cannot find requested types.
              _             
             (_)            
   __ _ _ __  _ _ __   __ _ 
  / _` | '_ \| | '_ \ / _` |
 | (_| | | | | | | | | (_| |
  \__, |_| |_|_|_| |_|\__,_|
   __/ |                    
  |___/                     

gnina is based on smina and AutoDock Vina.
Please cite appropriately.

*** IMPORTANT: Use of CNN scoring while docking is not recommended. ***
***     CNN scoring is best used with --minimize or --score_only    ***

Weights      Terms
-0.035579    gauss(o=0,_w=0.5,_c=8)
-0.005156    gauss(o=3,_w=2,_c=8)
0.840245     repulsion(o=0,_c=8)
-0.035069    hydrophobic(g=0.5,_b=1.5,_c=8)
-0.587439    non_dir_h_bond(g=-0.7,_b=0,_c=8)
1.923        num_tors_div

## Name gauss(o=0,_w=0.5,_c=8) gauss(o=3,_w=2,_c=8) repulsion(o=0,_c=8) hydrophobic(g=0.5,_b=1.5,_c=8) non_dir_h_bond(g=-0.7,_b=0,_c=8) num_tors_div
Affinity: -3.09848 (kcal/mol)
CNNscore: 0.0342654139
CNNaffinity: 4.8465619087
Intramolecular energy: -0.40423
Term values, before weighting:
## BindingDB_50300263 51.22618 950.07281 4.72373 31.37941 0.87401 0.00000
Refine time 0.01782
Loop time 0.27676
